<!DOCTYPE html>
<html lang="en" prefix="og: http://ogp.me/ns#">
<head>
          <title>Michal Zimmermann | PostGIS Spatial Indexing With ST_Intersects</title>
        <meta charset="utf-8" />
        <meta name="viewport" content="width=device-width, initial-scale=1.0" />
        <link href="https://fonts.googleapis.com/css?family=Roboto+Condensed" rel="stylesheet">
        <link href="https://www.zimmi.cz/posts/atom.xml" type="application/atom+xml" rel="alternate" title="Michal Zimmermann Full Atom Feed" />
        <link href="https://www.zimmi.cz/posts/feed.xml" type="application/rss+xml" rel="alternate" title="Michal Zimmermann Full RSS Feed" />



    <meta name="tags" content="postgis" />
  <meta property="og:title" content="PostGIS Spatial Indexing With ST_Intersects" />
  <meta property="og:description" content="PostGIS docs clearly states that: > This function call will automatically include a bounding box comparison that will make use of any indexes that are available on the geometries. That means (or at least I think so) that you shouldn’t bother with..." />
  <meta property="og:url" content="https://www.zimmi.cz/posts/2014/postgis-spatial-indexing-with-st_intersects/" />
        <link rel="stylesheet" href="https://www.zimmi.cz/posts/theme/css/style.min.css?a4089d0f">
</head>
<body>
    <nav role="navigation">
        <ul>
            <li><a href="https://www.zimmi.cz/posts/categories">Categories</a></li>
            <li><a href="https://www.zimmi.cz/posts/tags">Tags</a></li>
            <li><a href="https://www.zimmi.cz/posts/feed.xml">Subscribe to RSS feed</a></li>
        </ul>
    </nav>
    <header>
        <h1><a href="/posts">Michal Zimmermann<small>Pieces of knowledge from the world of GIS.</small></a></h1>
    </header>
    <main>
<article>
    <h1><a href="https://www.zimmi.cz/posts/2014/postgis-spatial-indexing-with-st_intersects/" rel="bookmark" title="Permalink to PostGIS Spatial Indexing With ST_Intersects">PostGIS Spatial Indexing With&nbsp;ST_Intersects</a></h1>
    <aside><span>Nov 23, 2014</span>
    <span>    <a class="tag-url" href="https://www.zimmi.cz/posts/tag/postgis.html">postgis</a>    </span>
    <span><a class="category-url" href="https://www.zimmi.cz/posts/category/sql.html">SQL</a></span>
    </aside>
<p><a href="http://postgis.net/docs/ST_Intersects.html">PostGIS docs</a> clearly states that:
    &gt; This function call will automatically include a bounding box comparison that will make use of any indexes that are available on the&nbsp;geometries.</p>
<p>That means (or at least I think so) that you shouldn&#8217;t bother with using <a href="http://postgis.net/docs/reference.html#Operators">operators</a> before calling this&nbsp;function.</p>
<p><a href="http://slides.com/michalzimmermann">I was preparing</a> my second lecture on PostGIS and I was experimenting a bit and came up with an interesting thing on this&nbsp;matter:</p>
<p>Let&#8217;s have two <span class="caps">SQL</span> relations, <code>roads</code> and <code>regions</code>. I would like to retrieve every road that intersects a certain region. Spatial indexes were built beforehand on both&nbsp;tables.</p>
<p>First&nbsp;try:</p>
<div class="highlight"><pre><span></span>EXPLAIN ANALYZE SELECT roads.* FROM roads
JOIN regions ON ST_Intersects(roads.geom, regions.geom)
WHERE regions.&quot;NAZEV&quot; = &#39;Jihomoravský&#39;;`
</pre></div>


<p>And here comes the&nbsp;result:</p>
<div class="highlight"><pre><span></span>Nested Loop  (cost=4.85..324.26 rows=249 width=214) (actual time=45.102..5101.472 rows=74253 loops=1)
-&gt;  Seq Scan on regions  (cost=0.00..12.62 rows=1 width=32) (actual time=0.015..0.018 rows=1 loops=1)
     Filter: ((&quot;NAZEV&quot;)::text = &#39;Jihomoravský&#39;::text)
     Rows Removed by Filter: 13
-&gt;  Bitmap Heap Scan on roads  (cost=4.85..311.38 rows=25 width=214) (actual time=45.079..4931.495 rows=74253 loops=1)
     Recheck Cond: (geom &amp;&amp; regions.geom)
     Rows Removed by Index Recheck: 154841
     Filter: _st_intersects(geom, regions.geom)
     Rows Removed by Filter: 71212
     -&gt;  Bitmap Index Scan on roads_idx  (cost=0.00..4.85 rows=75 width=0) (actual time=40.142..40.142 rows=145465 loops=1)
           Index Cond: (geom &amp;&amp; regions.geom)
Total runtime: 5181.459 ms
</pre></div>


<p>I was pretty satisfied with the result, I kept digging deeper&nbsp;though.</p>
<p>Second&nbsp;try:</p>
<div class="highlight"><pre><span></span>EXPLAIN ANALYZE SELECT roads.* FROM roads
JOIN regions ON roads.geom &amp;&amp; regions.geom
WHERE regions.&quot;NAZEV&quot; = &#39;Jihomoravský&#39; AND ST_Intersects(roads.geom, regions.geom);
</pre></div>


<p>And the&nbsp;result:</p>
<div class="highlight"><pre><span></span>Nested Loop  (cost=0.29..21.19 rows=1 width=214) (actual time=3.041..3850.302 rows=74253 loops=1)
-&gt;  Seq Scan on regions  (cost=0.00..12.62 rows=1 width=32) (actual time=0.021..0.024 rows=1 loops=1)
     Filter: ((&quot;NAZEV&quot;)::text = &#39;Jihomoravský&#39;::text)
     Rows Removed by Filter: 13
-&gt;  Index Scan using roads_idx on roads  (cost=0.29..8.55 rows=1 width=214) (actual time=2.938..3681.432 rows=74253 loops=1)
     Index Cond: ((geom &amp;&amp; regions.geom) AND (geom &amp;&amp; regions.geom))
     Filter: _st_intersects(geom, regions.geom)
     Rows Removed by Filter: 71212
Total runtime: 3930.270 ms
</pre></div>


<p>Now there&#8217;s a significant difference between total runtimes of both queries and - more important - also a difference between their query plans. The latter is like <strong>20 % faster</strong>.</p>
<p>I&#8217;m puzzled about this behavior and would appreciate any thoughts on this. Reach me at <a href="http://twitter.com/zimmicz">Twitter</a>, <a href="https://www.linkedin.com/pub/michal-zimmermann/29/8/b30">LinkedIn</a> or e-mail&nbsp;(zimmicz[at]gmail.com).</p>
<aside>

<h3>More reading</h3>
    <ul>
        <li><a class="neighbor" href="https://www.zimmi.cz/posts/2015/installing-postgis-22-with-sfcgal-on-ubuntu-based-os/">Installing PostGIS 2.2 with <span class="caps">SFCGAL</span> on Ubuntu-based <span class="caps">OS</span></a></li>
        <li><a class="neighbor" href="https://www.zimmi.cz/posts/2015/automated-map-creation-with-qgis-postgis-python-svg-and-imagemagick/">Automated Map Creation With <span class="caps">QGIS</span>, PostGIS, Python, <span class="caps">SVG</span> and&nbsp;ImageMagick</a></li>
        <li><a class="neighbor" href="https://www.zimmi.cz/posts/2014/postgis-case-study-vozejkmap-open-data-part-i/">PostGIS Case Study: VozejkMap Open Data (Part&nbsp;I)</a></li>
        <li><a class="neighbor" href="https://www.zimmi.cz/posts/2016/postgis-custom-function-to-create-wind-rose/">PostGIS Custom Function to Create Wind&nbsp;Rose</a></li>
        <li><a class="neighbor" href="https://www.zimmi.cz/posts/2016/finding-polygons-lying-across-other-polygons-with-postgis/">Finding Polygons Lying across Other Polygons with&nbsp;PostGIS</a></li>
    </ul>
<!-- Start of Async Drift Code -->
<script>
    !function () {
        var t;
        if (t = window.driftt = window.drift = window.driftt || [], !t.init) return t.invoked ? void (window.console && console.error && console.error("Drift snippet included twice.")) : (t.invoked = !0,
            t.methods = ["identify", "config", "track", "reset", "debug", "show", "ping", "page", "hide", "off", "on"],
            t.factory = function (e) {
                return function () {
                    var n;
                    return n = Array.prototype.slice.call(arguments), n.unshift(e), t.push(n), t;
                };
            }, t.methods.forEach(function (e) {
                t[e] = t.factory(e);
            }), t.load = function (t) {
                var e, n, o, i;
                e = 3e5, i = Math.ceil(new Date() / e) * e, o = document.createElement("script"),
                    o.type = "text/javascript", o.async = !0, o.crossorigin = "anonymous", o.src = "https://js.driftt.com/include/" + i + "/" + t + ".js",
                    n = document.getElementsByTagName("script")[0], n.parentNode.insertBefore(o, n);
            });
    }();
    drift.SNIPPET_VERSION = '0.3.1';
    drift.load('caacyauy5t6b');

</script>
<!-- End of Async Drift Code --></aside>
    </main>
    <footer>
        Written by <a href="//www.zimmi.cz">Michal Zimmermann</a>.
        Proudly powered by <a href="//getpelican.com/">Pelican</a>,
        which takes great advantage of <a href="//python.org">Python</a>.
    </footer>
<!-- Global Site Tag (gtag.js) - Google Analytics -->
<script async src="https://www.googletagmanager.com/gtag/js?id=UA-43432739-2"></script>
<script>
  window.dataLayer = window.dataLayer || [];
  function gtag(){dataLayer.push(arguments)};
  gtag('js', new Date());

  gtag('config', 'UA-43432739-2');
</script>

<!-- Google Tag Manager -->
<script>(function(w,d,s,l,i){w[l]=w[l]||[];w[l].push({'gtm.start':
new Date().getTime(),event:'gtm.js'});var f=d.getElementsByTagName(s)[0],
j=d.createElement(s),dl=l!='dataLayer'?'&l='+l:'';j.async=true;j.src=
'https://www.googletagmanager.com/gtm.js?id='+i+dl;f.parentNode.insertBefore(j,f);
})(window,document,'script','dataLayer','GTM-NW8R37N');</script>
<!-- End Google Tag Manager -->
<!-- Google Tag Manager (noscript) -->
<noscript><iframe src="https://www.googletagmanager.com/ns.html?id=GTM-NW8R37N"
height="0" width="0" style="display:none;visibility:hidden"></iframe></noscript>
<!-- End Google Tag Manager (noscript) -->
<script src="https://www.zimmi.cz/posts/theme/js/echo.min.js"></script>
<script>
echo.init({
  offset: 200,
  throttle: 250,
  unload: false
});
</script>
</body>
</html>